-------------------------------------------------------------------------------
Test set: mx.unam.ciencias.myp.pumabank.test.patterns.state.states.ActiveStateTest$MonthlyInterestTests
-------------------------------------------------------------------------------
Tests run: 2, Failures: 0, Errors: 2, Skipped: 0, Time elapsed: 0.002 s <<< FAILURE! -- in mx.unam.ciencias.myp.pumabank.test.patterns.state.states.ActiveStateTest$MonthlyInterestTests
mx.unam.ciencias.myp.pumabank.test.patterns.state.states.ActiveStateTest$MonthlyInterestTests.monthlyApplies -- Time elapsed: 0 s <<< ERROR!
java.lang.NullPointerException
	at java.base/java.util.Objects.requireNonNull(Objects.java:220)
	at mx.unam.ciencias.myp.pumabank.model.Account.<init>(Account.java:49)
	at mx.unam.ciencias.myp.pumabank.model.Account.<init>(Account.java:224)
	at mx.unam.ciencias.myp.pumabank.test.patterns.state.states.ActiveStateTest$FakeAccount.<init>(ActiveStateTest.java:22)
	at mx.unam.ciencias.myp.pumabank.test.patterns.state.states.ActiveStateTest$AccountHarness.<init>(ActiveStateTest.java:34)
	at mx.unam.ciencias.myp.pumabank.test.patterns.state.states.ActiveStateTest$MonthlyInterestTests.monthlyApplies(ActiveStateTest.java:61)
	at java.base/java.lang.reflect.Method.invoke(Method.java:580)
	at java.base/java.util.ArrayList.forEach(ArrayList.java:1597)
	at java.base/java.util.ArrayList.forEach(ArrayList.java:1597)
	at java.base/java.util.ArrayList.forEach(ArrayList.java:1597)

mx.unam.ciencias.myp.pumabank.test.patterns.state.states.ActiveStateTest$MonthlyInterestTests.monthlyNoInterest -- Time elapsed: 0 s <<< ERROR!
java.lang.NullPointerException
	at java.base/java.util.Objects.requireNonNull(Objects.java:220)
	at mx.unam.ciencias.myp.pumabank.model.Account.<init>(Account.java:49)
	at mx.unam.ciencias.myp.pumabank.model.Account.<init>(Account.java:224)
	at mx.unam.ciencias.myp.pumabank.test.patterns.state.states.ActiveStateTest$FakeAccount.<init>(ActiveStateTest.java:22)
	at mx.unam.ciencias.myp.pumabank.test.patterns.state.states.ActiveStateTest$AccountHarness.<init>(ActiveStateTest.java:34)
	at mx.unam.ciencias.myp.pumabank.test.patterns.state.states.ActiveStateTest$MonthlyInterestTests.monthlyNoInterest(ActiveStateTest.java:66)
	at java.base/java.lang.reflect.Method.invoke(Method.java:580)
	at java.base/java.util.ArrayList.forEach(ArrayList.java:1597)
	at java.base/java.util.ArrayList.forEach(ArrayList.java:1597)
	at java.base/java.util.ArrayList.forEach(ArrayList.java:1597)

