-------------------------------------------------------------------------------
Test set: mx.unam.ciencias.myp.pumabank.test.patterns.state.states.FrozenStateTest$WithdrawFrozen
-------------------------------------------------------------------------------
Tests run: 1, Failures: 0, Errors: 1, Skipped: 0, Time elapsed: 0.002 s <<< FAILURE! -- in mx.unam.ciencias.myp.pumabank.test.patterns.state.states.FrozenStateTest$WithdrawFrozen
mx.unam.ciencias.myp.pumabank.test.patterns.state.states.FrozenStateTest$WithdrawFrozen.withdrawDenied -- Time elapsed: 0 s <<< ERROR!
java.lang.NullPointerException
	at java.base/java.util.Objects.requireNonNull(Objects.java:220)
	at mx.unam.ciencias.myp.pumabank.model.Account.<init>(Account.java:49)
	at mx.unam.ciencias.myp.pumabank.model.Account.<init>(Account.java:224)
	at mx.unam.ciencias.myp.pumabank.test.patterns.state.states.FrozenStateTest$FakeAccount.<init>(FrozenStateTest.java:26)
	at mx.unam.ciencias.myp.pumabank.test.patterns.state.states.FrozenStateTest$WithdrawFrozen.withdrawDenied(FrozenStateTest.java:66)
	at java.base/java.lang.reflect.Method.invoke(Method.java:580)
	at java.base/java.util.ArrayList.forEach(ArrayList.java:1597)
	at java.base/java.util.ArrayList.forEach(ArrayList.java:1597)
	at java.base/java.util.ArrayList.forEach(ArrayList.java:1597)

