-------------------------------------------------------------------------------
Test set: mx.unam.ciencias.myp.pumabank.test.patterns.state.states.ClosedStateTest$DepositTests
-------------------------------------------------------------------------------
Tests run: 1, Failures: 0, Errors: 1, Skipped: 0, Time elapsed: 0.001 s <<< FAILURE! -- in mx.unam.ciencias.myp.pumabank.test.patterns.state.states.ClosedStateTest$DepositTests
mx.unam.ciencias.myp.pumabank.test.patterns.state.states.ClosedStateTest$DepositTests.depositDenied -- Time elapsed: 0.001 s <<< ERROR!
java.lang.NullPointerException
	at java.base/java.util.Objects.requireNonNull(Objects.java:220)
	at mx.unam.ciencias.myp.pumabank.model.Account.<init>(Account.java:49)
	at mx.unam.ciencias.myp.pumabank.model.Account.<init>(Account.java:224)
	at mx.unam.ciencias.myp.pumabank.test.patterns.state.states.ClosedStateTest$FakeAccount.<init>(ClosedStateTest.java:25)
	at mx.unam.ciencias.myp.pumabank.test.patterns.state.states.ClosedStateTest$AccountHarness.<init>(ClosedStateTest.java:52)
	at mx.unam.ciencias.myp.pumabank.test.patterns.state.states.ClosedStateTest$DepositTests.depositDenied(ClosedStateTest.java:65)
	at java.base/java.lang.reflect.Method.invoke(Method.java:580)
	at java.base/java.util.ArrayList.forEach(ArrayList.java:1597)
	at java.base/java.util.ArrayList.forEach(ArrayList.java:1597)
	at java.base/java.util.ArrayList.forEach(ArrayList.java:1597)

