-------------------------------------------------------------------------------
Test set: mx.unam.ciencias.myp.pumabank.test.patterns.proxy.AccountProxyTest$Deposit
-------------------------------------------------------------------------------
Tests run: 2, Failures: 0, Errors: 2, Skipped: 0, Time elapsed: 0.003 s <<< FAILURE! -- in mx.unam.ciencias.myp.pumabank.test.patterns.proxy.AccountProxyTest$Deposit
mx.unam.ciencias.myp.pumabank.test.patterns.proxy.AccountProxyTest$Deposit.depositDelegatesOnValidPin -- Time elapsed: 0.001 s <<< ERROR!
java.lang.NullPointerException
	at java.base/java.util.Objects.requireNonNull(Objects.java:220)
	at mx.unam.ciencias.myp.pumabank.model.Account.<init>(Account.java:49)
	at mx.unam.ciencias.myp.pumabank.model.Account.<init>(Account.java:224)
	at mx.unam.ciencias.myp.pumabank.test.patterns.proxy.AccountProxyTest$FakeAccount.<init>(AccountProxyTest.java:21)
	at mx.unam.ciencias.myp.pumabank.test.patterns.proxy.AccountProxyTest$Deposit.depositDelegatesOnValidPin(AccountProxyTest.java:43)
	at java.base/java.lang.reflect.Method.invoke(Method.java:580)
	at java.base/java.util.ArrayList.forEach(ArrayList.java:1597)
	at java.base/java.util.ArrayList.forEach(ArrayList.java:1597)
	at java.base/java.util.ArrayList.forEach(ArrayList.java:1597)

mx.unam.ciencias.myp.pumabank.test.patterns.proxy.AccountProxyTest$Deposit.depositDeniedOnInvalidPin -- Time elapsed: 0.001 s <<< ERROR!
java.lang.NullPointerException
	at java.base/java.util.Objects.requireNonNull(Objects.java:220)
	at mx.unam.ciencias.myp.pumabank.model.Account.<init>(Account.java:49)
	at mx.unam.ciencias.myp.pumabank.model.Account.<init>(Account.java:224)
	at mx.unam.ciencias.myp.pumabank.test.patterns.proxy.AccountProxyTest$FakeAccount.<init>(AccountProxyTest.java:21)
	at mx.unam.ciencias.myp.pumabank.test.patterns.proxy.AccountProxyTest$Deposit.depositDeniedOnInvalidPin(AccountProxyTest.java:51)
	at java.base/java.lang.reflect.Method.invoke(Method.java:580)
	at java.base/java.util.ArrayList.forEach(ArrayList.java:1597)
	at java.base/java.util.ArrayList.forEach(ArrayList.java:1597)
	at java.base/java.util.ArrayList.forEach(ArrayList.java:1597)

