-------------------------------------------------------------------------------
Test set: mx.unam.ciencias.myp.pumabank.test.patterns.state.states.ActiveStateTest$Basics
-------------------------------------------------------------------------------
Tests run: 3, Failures: 0, Errors: 3, Skipped: 0, Time elapsed: 0.003 s <<< FAILURE! -- in mx.unam.ciencias.myp.pumabank.test.patterns.state.states.ActiveStateTest$Basics
mx.unam.ciencias.myp.pumabank.test.patterns.state.states.ActiveStateTest$Basics.withdrawSufficient -- Time elapsed: 0 s <<< ERROR!
java.lang.NullPointerException
	at java.base/java.util.Objects.requireNonNull(Objects.java:220)
	at mx.unam.ciencias.myp.pumabank.model.Account.<init>(Account.java:49)
	at mx.unam.ciencias.myp.pumabank.model.Account.<init>(Account.java:224)
	at mx.unam.ciencias.myp.pumabank.test.patterns.state.states.ActiveStateTest$FakeAccount.<init>(ActiveStateTest.java:22)
	at mx.unam.ciencias.myp.pumabank.test.patterns.state.states.ActiveStateTest$AccountHarness.<init>(ActiveStateTest.java:34)
	at mx.unam.ciencias.myp.pumabank.test.patterns.state.states.ActiveStateTest$Basics.withdrawSufficient(ActiveStateTest.java:48)
	at java.base/java.lang.reflect.Method.invoke(Method.java:580)
	at java.base/java.util.ArrayList.forEach(ArrayList.java:1597)
	at java.base/java.util.ArrayList.forEach(ArrayList.java:1597)
	at java.base/java.util.ArrayList.forEach(ArrayList.java:1597)

mx.unam.ciencias.myp.pumabank.test.patterns.state.states.ActiveStateTest$Basics.withdrawInsufficient -- Time elapsed: 0 s <<< ERROR!
java.lang.NullPointerException
	at java.base/java.util.Objects.requireNonNull(Objects.java:220)
	at mx.unam.ciencias.myp.pumabank.model.Account.<init>(Account.java:49)
	at mx.unam.ciencias.myp.pumabank.model.Account.<init>(Account.java:224)
	at mx.unam.ciencias.myp.pumabank.test.patterns.state.states.ActiveStateTest$FakeAccount.<init>(ActiveStateTest.java:22)
	at mx.unam.ciencias.myp.pumabank.test.patterns.state.states.ActiveStateTest$AccountHarness.<init>(ActiveStateTest.java:34)
	at mx.unam.ciencias.myp.pumabank.test.patterns.state.states.ActiveStateTest$Basics.withdrawInsufficient(ActiveStateTest.java:53)
	at java.base/java.lang.reflect.Method.invoke(Method.java:580)
	at java.base/java.util.ArrayList.forEach(ArrayList.java:1597)
	at java.base/java.util.ArrayList.forEach(ArrayList.java:1597)
	at java.base/java.util.ArrayList.forEach(ArrayList.java:1597)

mx.unam.ciencias.myp.pumabank.test.patterns.state.states.ActiveStateTest$Basics.deposit -- Time elapsed: 0 s <<< ERROR!
java.lang.NullPointerException
	at java.base/java.util.Objects.requireNonNull(Objects.java:220)
	at mx.unam.ciencias.myp.pumabank.model.Account.<init>(Account.java:49)
	at mx.unam.ciencias.myp.pumabank.model.Account.<init>(Account.java:224)
	at mx.unam.ciencias.myp.pumabank.test.patterns.state.states.ActiveStateTest$FakeAccount.<init>(ActiveStateTest.java:22)
	at mx.unam.ciencias.myp.pumabank.test.patterns.state.states.ActiveStateTest$AccountHarness.<init>(ActiveStateTest.java:34)
	at mx.unam.ciencias.myp.pumabank.test.patterns.state.states.ActiveStateTest$Basics.deposit(ActiveStateTest.java:43)
	at java.base/java.lang.reflect.Method.invoke(Method.java:580)
	at java.base/java.util.ArrayList.forEach(ArrayList.java:1597)
	at java.base/java.util.ArrayList.forEach(ArrayList.java:1597)
	at java.base/java.util.ArrayList.forEach(ArrayList.java:1597)

